time="2025-07-17T05:53:57-04:00" level=error msg="Error executing CLI: panel credentials not found"
time="2025-07-17T05:54:04-04:00" level=info msg="Domain mixeal.net is now under management"
time="2025-07-17T05:54:04-04:00" level=info msg="Domain beautyhomez.com is now under management"
time="2025-07-17T05:54:04-04:00" level=info msg="Domain profile.finalovers.cricket is now under management"
time="2025-07-17T05:54:04-04:00" level=info msg="Domain hallarazad.com is now under management"
time="2025-07-17T05:54:04-04:00" level=info msg="Domain mixeal.com is now under management"
time="2025-07-17T05:54:04-04:00" level=info msg="Domain store.hallarazad.com is now under management"
time="2025-07-17T05:54:04-04:00" level=info msg="Domain admin.graspxr.app is now under management"
time="2025-07-17T05:54:04-04:00" level=info msg="Domain admin.finalovers.cricket is now under management"
time="2025-07-17T05:54:04-04:00" level=info msg="Domain homestay.mixeal.com is now under management"
time="2025-07-17T05:54:04-04:00" level=info msg="Domain api.finalovers.cricket is now under management"
time="2025-07-17T05:54:04-04:00" level=info msg="Domain whatizfree.com is now under management"
time="2025-07-17T05:54:04-04:00" level=info msg="Domain finalovers.cricket is now under management"
time="2025-07-17T05:54:04-04:00" level=info msg="Domain dev.hallarazad.com is now under management"
time="2025-07-17T05:54:04-04:00" level=info msg="Domain portal.graspxr.app is now under management"
time="2025-07-17T05:54:04-04:00" level=info msg="Domain graspxr.app is now under management"
time="2025-07-17T05:54:04-04:00" level=info msg="Domain azmara.store is now under management"
time="2025-07-17T05:54:04-04:00" level=info msg="Starting AutoSSL process..."
time="2025-07-17T05:54:04-04:00" level=info msg="Result[hallarazad.com beautyhomez.com mixeal.net azmara.store finalovers.cricket mixeal.com graspxr.app whatizfree.com dev.finalovers.cricket profile.finalovers.cricket dev.hallarazad.com admin.finalovers.cricket admin.graspxr.app portal.graspxr.app store.hallarazad.com homestay.mixeal.com api.finalovers.cricket]"
time="2025-07-17T05:54:04-04:00" level=info msg="AutoSSL process completed."
